mode: set
github.com/NYTimes/video-transcoding-api/provider/bitmovin/bitmovin.go:63.13,65.2 1 1
github.com/NYTimes/video-transcoding-api/provider/bitmovin/bitmovin.go:107.75,108.99 1 1
github.com/NYTimes/video-transcoding-api/provider/bitmovin/bitmovin.go:149.2,149.101 1 1
github.com/NYTimes/video-transcoding-api/provider/bitmovin/bitmovin.go:190.2,190.74 1 0
github.com/NYTimes/video-transcoding-api/provider/bitmovin/bitmovin.go:108.99,112.17 4 1
github.com/NYTimes/video-transcoding-api/provider/bitmovin/bitmovin.go:115.3,122.17 4 1
github.com/NYTimes/video-transcoding-api/provider/bitmovin/bitmovin.go:125.3,125.46 1 1
github.com/NYTimes/video-transcoding-api/provider/bitmovin/bitmovin.go:129.3,135.17 6 1
github.com/NYTimes/video-transcoding-api/provider/bitmovin/bitmovin.go:139.3,141.17 3 1
github.com/NYTimes/video-transcoding-api/provider/bitmovin/bitmovin.go:144.3,144.46 1 1
github.com/NYTimes/video-transcoding-api/provider/bitmovin/bitmovin.go:147.3,147.40 1 1
github.com/NYTimes/video-transcoding-api/provider/bitmovin/bitmovin.go:112.17,114.4 1 0
github.com/NYTimes/video-transcoding-api/provider/bitmovin/bitmovin.go:122.17,124.4 1 1
github.com/NYTimes/video-transcoding-api/provider/bitmovin/bitmovin.go:125.46,127.4 1 1
github.com/NYTimes/video-transcoding-api/provider/bitmovin/bitmovin.go:135.17,137.4 1 0
github.com/NYTimes/video-transcoding-api/provider/bitmovin/bitmovin.go:141.17,143.4 1 0
github.com/NYTimes/video-transcoding-api/provider/bitmovin/bitmovin.go:144.46,146.4 1 0
github.com/NYTimes/video-transcoding-api/provider/bitmovin/bitmovin.go:149.101,153.17 4 1
github.com/NYTimes/video-transcoding-api/provider/bitmovin/bitmovin.go:156.3,163.17 4 1
github.com/NYTimes/video-transcoding-api/provider/bitmovin/bitmovin.go:166.3,166.46 1 1
github.com/NYTimes/video-transcoding-api/provider/bitmovin/bitmovin.go:170.3,176.17 6 1
github.com/NYTimes/video-transcoding-api/provider/bitmovin/bitmovin.go:180.3,182.17 3 1
github.com/NYTimes/video-transcoding-api/provider/bitmovin/bitmovin.go:185.3,185.46 1 1
github.com/NYTimes/video-transcoding-api/provider/bitmovin/bitmovin.go:188.3,188.40 1 1
github.com/NYTimes/video-transcoding-api/provider/bitmovin/bitmovin.go:153.17,155.4 1 0
github.com/NYTimes/video-transcoding-api/provider/bitmovin/bitmovin.go:163.17,165.4 1 0
github.com/NYTimes/video-transcoding-api/provider/bitmovin/bitmovin.go:166.46,168.4 1 0
github.com/NYTimes/video-transcoding-api/provider/bitmovin/bitmovin.go:176.17,178.4 1 0
github.com/NYTimes/video-transcoding-api/provider/bitmovin/bitmovin.go:182.17,184.4 1 0
github.com/NYTimes/video-transcoding-api/provider/bitmovin/bitmovin.go:185.46,187.4 1 0
github.com/NYTimes/video-transcoding-api/provider/bitmovin/bitmovin.go:193.143,199.17 4 1
github.com/NYTimes/video-transcoding-api/provider/bitmovin/bitmovin.go:211.2,212.31 2 1
github.com/NYTimes/video-transcoding-api/provider/bitmovin/bitmovin.go:219.2,219.17 1 1
github.com/NYTimes/video-transcoding-api/provider/bitmovin/bitmovin.go:223.2,223.30 1 1
github.com/NYTimes/video-transcoding-api/provider/bitmovin/bitmovin.go:230.2,230.31 1 1
github.com/NYTimes/video-transcoding-api/provider/bitmovin/bitmovin.go:238.2,238.32 1 1
github.com/NYTimes/video-transcoding-api/provider/bitmovin/bitmovin.go:241.2,242.16 2 1
github.com/NYTimes/video-transcoding-api/provider/bitmovin/bitmovin.go:245.2,246.32 2 1
github.com/NYTimes/video-transcoding-api/provider/bitmovin/bitmovin.go:254.2,254.18 1 1
github.com/NYTimes/video-transcoding-api/provider/bitmovin/bitmovin.go:200.14,201.47 1 0
github.com/NYTimes/video-transcoding-api/provider/bitmovin/bitmovin.go:202.14,203.47 1 1
github.com/NYTimes/video-transcoding-api/provider/bitmovin/bitmovin.go:204.18,205.51 1 0
github.com/NYTimes/video-transcoding-api/provider/bitmovin/bitmovin.go:206.10,207.47 1 0
github.com/NYTimes/video-transcoding-api/provider/bitmovin/bitmovin.go:208.10,209.80 1 0
github.com/NYTimes/video-transcoding-api/provider/bitmovin/bitmovin.go:212.31,213.62 1 1
github.com/NYTimes/video-transcoding-api/provider/bitmovin/bitmovin.go:213.62,216.9 3 1
github.com/NYTimes/video-transcoding-api/provider/bitmovin/bitmovin.go:219.17,222.3 1 0
github.com/NYTimes/video-transcoding-api/provider/bitmovin/bitmovin.go:223.30,225.17 2 0
github.com/NYTimes/video-transcoding-api/provider/bitmovin/bitmovin.go:228.3,228.38 1 0
github.com/NYTimes/video-transcoding-api/provider/bitmovin/bitmovin.go:225.17,227.4 1 0
github.com/NYTimes/video-transcoding-api/provider/bitmovin/bitmovin.go:230.31,232.17 2 1
github.com/NYTimes/video-transcoding-api/provider/bitmovin/bitmovin.go:235.3,235.40 1 1
github.com/NYTimes/video-transcoding-api/provider/bitmovin/bitmovin.go:232.17,234.4 1 0
github.com/NYTimes/video-transcoding-api/provider/bitmovin/bitmovin.go:238.32,240.3 1 0
github.com/NYTimes/video-transcoding-api/provider/bitmovin/bitmovin.go:242.16,244.3 1 0
github.com/NYTimes/video-transcoding-api/provider/bitmovin/bitmovin.go:246.32,248.17 2 1
github.com/NYTimes/video-transcoding-api/provider/bitmovin/bitmovin.go:251.3,251.41 1 1
github.com/NYTimes/video-transcoding-api/provider/bitmovin/bitmovin.go:248.17,250.4 1 0
github.com/NYTimes/video-transcoding-api/provider/bitmovin/bitmovin.go:257.141,263.30 3 1
github.com/NYTimes/video-transcoding-api/provider/bitmovin/bitmovin.go:270.2,270.31 1 1
github.com/NYTimes/video-transcoding-api/provider/bitmovin/bitmovin.go:278.2,278.32 1 1
github.com/NYTimes/video-transcoding-api/provider/bitmovin/bitmovin.go:281.2,282.16 2 1
github.com/NYTimes/video-transcoding-api/provider/bitmovin/bitmovin.go:285.2,287.17 2 1
github.com/NYTimes/video-transcoding-api/provider/bitmovin/bitmovin.go:263.30,265.17 2 0
github.com/NYTimes/video-transcoding-api/provider/bitmovin/bitmovin.go:268.3,268.37 1 0
github.com/NYTimes/video-transcoding-api/provider/bitmovin/bitmovin.go:265.17,267.4 1 0
github.com/NYTimes/video-transcoding-api/provider/bitmovin/bitmovin.go:270.31,272.17 2 1
github.com/NYTimes/video-transcoding-api/provider/bitmovin/bitmovin.go:275.3,275.39 1 1
github.com/NYTimes/video-transcoding-api/provider/bitmovin/bitmovin.go:272.17,274.4 1 0
github.com/NYTimes/video-transcoding-api/provider/bitmovin/bitmovin.go:278.32,280.3 1 0
github.com/NYTimes/video-transcoding-api/provider/bitmovin/bitmovin.go:282.16,284.3 1 0
github.com/NYTimes/video-transcoding-api/provider/bitmovin/bitmovin.go:290.64,294.16 3 1
github.com/NYTimes/video-transcoding-api/provider/bitmovin/bitmovin.go:339.2,341.16 3 1
github.com/NYTimes/video-transcoding-api/provider/bitmovin/bitmovin.go:386.2,386.74 1 1
github.com/NYTimes/video-transcoding-api/provider/bitmovin/bitmovin.go:294.16,295.49 1 1
github.com/NYTimes/video-transcoding-api/provider/bitmovin/bitmovin.go:299.3,300.19 2 1
github.com/NYTimes/video-transcoding-api/provider/bitmovin/bitmovin.go:303.3,303.43 1 1
github.com/NYTimes/video-transcoding-api/provider/bitmovin/bitmovin.go:306.3,307.43 2 1
github.com/NYTimes/video-transcoding-api/provider/bitmovin/bitmovin.go:321.3,323.19 3 1
github.com/NYTimes/video-transcoding-api/provider/bitmovin/bitmovin.go:326.3,326.52 1 1
github.com/NYTimes/video-transcoding-api/provider/bitmovin/bitmovin.go:330.3,331.19 2 1
github.com/NYTimes/video-transcoding-api/provider/bitmovin/bitmovin.go:334.3,334.52 1 1
github.com/NYTimes/video-transcoding-api/provider/bitmovin/bitmovin.go:337.3,337.13 1 1
github.com/NYTimes/video-transcoding-api/provider/bitmovin/bitmovin.go:295.49,298.4 1 1
github.com/NYTimes/video-transcoding-api/provider/bitmovin/bitmovin.go:300.19,302.4 1 0
github.com/NYTimes/video-transcoding-api/provider/bitmovin/bitmovin.go:303.43,305.4 1 0
github.com/NYTimes/video-transcoding-api/provider/bitmovin/bitmovin.go:307.43,310.11 3 1
github.com/NYTimes/video-transcoding-api/provider/bitmovin/bitmovin.go:313.4,314.11 2 1
github.com/NYTimes/video-transcoding-api/provider/bitmovin/bitmovin.go:310.11,312.5 1 0
github.com/NYTimes/video-transcoding-api/provider/bitmovin/bitmovin.go:314.11,316.5 1 0
github.com/NYTimes/video-transcoding-api/provider/bitmovin/bitmovin.go:317.4,319.4 1 0
github.com/NYTimes/video-transcoding-api/provider/bitmovin/bitmovin.go:323.19,325.4 1 0
github.com/NYTimes/video-transcoding-api/provider/bitmovin/bitmovin.go:326.52,328.4 1 0
github.com/NYTimes/video-transcoding-api/provider/bitmovin/bitmovin.go:331.19,333.4 1 0
github.com/NYTimes/video-transcoding-api/provider/bitmovin/bitmovin.go:334.52,336.4 1 0
github.com/NYTimes/video-transcoding-api/provider/bitmovin/bitmovin.go:341.16,342.48 1 0
github.com/NYTimes/video-transcoding-api/provider/bitmovin/bitmovin.go:346.3,347.17 2 0
github.com/NYTimes/video-transcoding-api/provider/bitmovin/bitmovin.go:350.3,350.43 1 0
github.com/NYTimes/video-transcoding-api/provider/bitmovin/bitmovin.go:353.3,354.43 2 0
github.com/NYTimes/video-transcoding-api/provider/bitmovin/bitmovin.go:368.3,370.17 3 0
github.com/NYTimes/video-transcoding-api/provider/bitmovin/bitmovin.go:373.3,373.52 1 0
github.com/NYTimes/video-transcoding-api/provider/bitmovin/bitmovin.go:377.3,378.17 2 0
github.com/NYTimes/video-transcoding-api/provider/bitmovin/bitmovin.go:381.3,381.52 1 0
github.com/NYTimes/video-transcoding-api/provider/bitmovin/bitmovin.go:384.3,384.13 1 0
github.com/NYTimes/video-transcoding-api/provider/bitmovin/bitmovin.go:342.48,345.4 1 0
github.com/NYTimes/video-transcoding-api/provider/bitmovin/bitmovin.go:347.17,349.4 1 0
github.com/NYTimes/video-transcoding-api/provider/bitmovin/bitmovin.go:350.43,352.4 1 0
github.com/NYTimes/video-transcoding-api/provider/bitmovin/bitmovin.go:354.43,357.11 3 0
github.com/NYTimes/video-transcoding-api/provider/bitmovin/bitmovin.go:360.4,361.11 2 0
github.com/NYTimes/video-transcoding-api/provider/bitmovin/bitmovin.go:357.11,359.5 1 0
github.com/NYTimes/video-transcoding-api/provider/bitmovin/bitmovin.go:361.11,363.5 1 0
github.com/NYTimes/video-transcoding-api/provider/bitmovin/bitmovin.go:364.4,366.4 1 0
github.com/NYTimes/video-transcoding-api/provider/bitmovin/bitmovin.go:370.17,372.4 1 0
github.com/NYTimes/video-transcoding-api/provider/bitmovin/bitmovin.go:373.52,375.4 1 0
github.com/NYTimes/video-transcoding-api/provider/bitmovin/bitmovin.go:378.17,380.4 1 0
github.com/NYTimes/video-transcoding-api/provider/bitmovin/bitmovin.go:381.52,383.4 1 0
github.com/NYTimes/video-transcoding-api/provider/bitmovin/bitmovin.go:389.76,392.16 3 1
github.com/NYTimes/video-transcoding-api/provider/bitmovin/bitmovin.go:433.2,435.16 3 1
github.com/NYTimes/video-transcoding-api/provider/bitmovin/bitmovin.go:475.2,475.73 1 1
github.com/NYTimes/video-transcoding-api/provider/bitmovin/bitmovin.go:392.16,394.45 1 1
github.com/NYTimes/video-transcoding-api/provider/bitmovin/bitmovin.go:397.3,399.19 3 1
github.com/NYTimes/video-transcoding-api/provider/bitmovin/bitmovin.go:402.3,402.39 1 1
github.com/NYTimes/video-transcoding-api/provider/bitmovin/bitmovin.go:405.3,405.39 1 1
github.com/NYTimes/video-transcoding-api/provider/bitmovin/bitmovin.go:430.3,430.74 1 0
github.com/NYTimes/video-transcoding-api/provider/bitmovin/bitmovin.go:394.45,396.4 1 1
github.com/NYTimes/video-transcoding-api/provider/bitmovin/bitmovin.go:399.19,401.4 1 0
github.com/NYTimes/video-transcoding-api/provider/bitmovin/bitmovin.go:402.39,404.4 1 0
github.com/NYTimes/video-transcoding-api/provider/bitmovin/bitmovin.go:405.39,408.11 3 1
github.com/NYTimes/video-transcoding-api/provider/bitmovin/bitmovin.go:411.4,412.11 2 1
github.com/NYTimes/video-transcoding-api/provider/bitmovin/bitmovin.go:415.4,417.20 3 1
github.com/NYTimes/video-transcoding-api/provider/bitmovin/bitmovin.go:420.4,420.51 1 1
github.com/NYTimes/video-transcoding-api/provider/bitmovin/bitmovin.go:423.4,428.22 3 1
github.com/NYTimes/video-transcoding-api/provider/bitmovin/bitmovin.go:408.11,410.5 1 0
github.com/NYTimes/video-transcoding-api/provider/bitmovin/bitmovin.go:412.11,414.5 1 0
github.com/NYTimes/video-transcoding-api/provider/bitmovin/bitmovin.go:417.20,419.5 1 0
github.com/NYTimes/video-transcoding-api/provider/bitmovin/bitmovin.go:420.51,422.5 1 0
github.com/NYTimes/video-transcoding-api/provider/bitmovin/bitmovin.go:435.16,437.48 1 0
github.com/NYTimes/video-transcoding-api/provider/bitmovin/bitmovin.go:440.3,442.17 3 0
github.com/NYTimes/video-transcoding-api/provider/bitmovin/bitmovin.go:445.3,445.39 1 0
github.com/NYTimes/video-transcoding-api/provider/bitmovin/bitmovin.go:448.3,448.39 1 0
github.com/NYTimes/video-transcoding-api/provider/bitmovin/bitmovin.go:437.48,439.4 1 0
github.com/NYTimes/video-transcoding-api/provider/bitmovin/bitmovin.go:442.17,444.4 1 0
github.com/NYTimes/video-transcoding-api/provider/bitmovin/bitmovin.go:445.39,447.4 1 0
github.com/NYTimes/video-transcoding-api/provider/bitmovin/bitmovin.go:448.39,451.11 3 0
github.com/NYTimes/video-transcoding-api/provider/bitmovin/bitmovin.go:454.4,455.11 2 0
github.com/NYTimes/video-transcoding-api/provider/bitmovin/bitmovin.go:458.4,460.18 3 0
github.com/NYTimes/video-transcoding-api/provider/bitmovin/bitmovin.go:463.4,463.51 1 0
github.com/NYTimes/video-transcoding-api/provider/bitmovin/bitmovin.go:466.4,471.22 3 0
github.com/NYTimes/video-transcoding-api/provider/bitmovin/bitmovin.go:451.11,453.5 1 0
github.com/NYTimes/video-transcoding-api/provider/bitmovin/bitmovin.go:455.11,457.5 1 0
github.com/NYTimes/video-transcoding-api/provider/bitmovin/bitmovin.go:460.18,462.5 1 0
github.com/NYTimes/video-transcoding-api/provider/bitmovin/bitmovin.go:463.51,465.5 1 0
github.com/NYTimes/video-transcoding-api/provider/bitmovin/bitmovin.go:478.80,486.16 5 1
github.com/NYTimes/video-transcoding-api/provider/bitmovin/bitmovin.go:490.2,499.16 4 1
github.com/NYTimes/video-transcoding-api/provider/bitmovin/bitmovin.go:505.2,506.16 2 1
github.com/NYTimes/video-transcoding-api/provider/bitmovin/bitmovin.go:510.2,534.37 11 1
github.com/NYTimes/video-transcoding-api/provider/bitmovin/bitmovin.go:560.2,562.19 2 1
github.com/NYTimes/video-transcoding-api/provider/bitmovin/bitmovin.go:583.2,585.19 3 1
github.com/NYTimes/video-transcoding-api/provider/bitmovin/bitmovin.go:588.2,598.16 5 1
github.com/NYTimes/video-transcoding-api/provider/bitmovin/bitmovin.go:604.2,604.37 1 1
github.com/NYTimes/video-transcoding-api/provider/bitmovin/bitmovin.go:860.2,861.16 2 1
github.com/NYTimes/video-transcoding-api/provider/bitmovin/bitmovin.go:864.2,864.45 1 1
github.com/NYTimes/video-transcoding-api/provider/bitmovin/bitmovin.go:868.2,874.23 2 1
github.com/NYTimes/video-transcoding-api/provider/bitmovin/bitmovin.go:486.16,488.3 1 0
github.com/NYTimes/video-transcoding-api/provider/bitmovin/bitmovin.go:499.16,501.3 1 1
github.com/NYTimes/video-transcoding-api/provider/bitmovin/bitmovin.go:501.3,501.55 1 1
github.com/NYTimes/video-transcoding-api/provider/bitmovin/bitmovin.go:501.55,503.3 1 1
github.com/NYTimes/video-transcoding-api/provider/bitmovin/bitmovin.go:506.16,508.3 1 0
github.com/NYTimes/video-transcoding-api/provider/bitmovin/bitmovin.go:534.37,535.51 1 1
github.com/NYTimes/video-transcoding-api/provider/bitmovin/bitmovin.go:535.51,539.20 3 1
github.com/NYTimes/video-transcoding-api/provider/bitmovin/bitmovin.go:542.4,542.52 1 1
github.com/NYTimes/video-transcoding-api/provider/bitmovin/bitmovin.go:545.4,546.11 2 1
github.com/NYTimes/video-transcoding-api/provider/bitmovin/bitmovin.go:549.4,550.11 2 1
github.com/NYTimes/video-transcoding-api/provider/bitmovin/bitmovin.go:553.4,553.27 1 1
github.com/NYTimes/video-transcoding-api/provider/bitmovin/bitmovin.go:539.20,541.5 1 0
github.com/NYTimes/video-transcoding-api/provider/bitmovin/bitmovin.go:542.52,544.5 1 0
github.com/NYTimes/video-transcoding-api/provider/bitmovin/bitmovin.go:546.11,548.5 1 0
github.com/NYTimes/video-transcoding-api/provider/bitmovin/bitmovin.go:550.11,552.5 1 0
github.com/NYTimes/video-transcoding-api/provider/bitmovin/bitmovin.go:553.27,555.10 2 1
github.com/NYTimes/video-transcoding-api/provider/bitmovin/bitmovin.go:562.19,575.20 6 1
github.com/NYTimes/video-transcoding-api/provider/bitmovin/bitmovin.go:580.3,580.53 1 1
github.com/NYTimes/video-transcoding-api/provider/bitmovin/bitmovin.go:575.20,577.4 1 0
github.com/NYTimes/video-transcoding-api/provider/bitmovin/bitmovin.go:577.4,577.65 1 1
github.com/NYTimes/video-transcoding-api/provider/bitmovin/bitmovin.go:577.65,579.4 1 0
github.com/NYTimes/video-transcoding-api/provider/bitmovin/bitmovin.go:585.19,587.3 1 1
github.com/NYTimes/video-transcoding-api/provider/bitmovin/bitmovin.go:598.16,600.3 1 0
github.com/NYTimes/video-transcoding-api/provider/bitmovin/bitmovin.go:600.3,600.55 1 1
github.com/NYTimes/video-transcoding-api/provider/bitmovin/bitmovin.go:600.55,602.3 1 0
github.com/NYTimes/video-transcoding-api/provider/bitmovin/bitmovin.go:604.37,607.21 3 1
github.com/NYTimes/video-transcoding-api/provider/bitmovin/bitmovin.go:607.21,608.55 1 1
github.com/NYTimes/video-transcoding-api/provider/bitmovin/bitmovin.go:611.4,612.24 2 1
github.com/NYTimes/video-transcoding-api/provider/bitmovin/bitmovin.go:615.4,615.52 1 1
github.com/NYTimes/video-transcoding-api/provider/bitmovin/bitmovin.go:618.4,619.11 2 1
github.com/NYTimes/video-transcoding-api/provider/bitmovin/bitmovin.go:622.4,623.11 2 1
github.com/NYTimes/video-transcoding-api/provider/bitmovin/bitmovin.go:627.4,633.23 4 1
github.com/NYTimes/video-transcoding-api/provider/bitmovin/bitmovin.go:636.4,636.53 1 1
github.com/NYTimes/video-transcoding-api/provider/bitmovin/bitmovin.go:639.4,646.20 4 1
github.com/NYTimes/video-transcoding-api/provider/bitmovin/bitmovin.go:649.4,649.53 1 1
github.com/NYTimes/video-transcoding-api/provider/bitmovin/bitmovin.go:652.4,662.11 5 1
github.com/NYTimes/video-transcoding-api/provider/bitmovin/bitmovin.go:665.4,666.11 2 1
github.com/NYTimes/video-transcoding-api/provider/bitmovin/bitmovin.go:669.4,669.27 1 1
github.com/NYTimes/video-transcoding-api/provider/bitmovin/bitmovin.go:608.55,610.5 1 0
github.com/NYTimes/video-transcoding-api/provider/bitmovin/bitmovin.go:612.24,614.5 1 0
github.com/NYTimes/video-transcoding-api/provider/bitmovin/bitmovin.go:615.52,617.5 1 0
github.com/NYTimes/video-transcoding-api/provider/bitmovin/bitmovin.go:619.11,621.5 1 0
github.com/NYTimes/video-transcoding-api/provider/bitmovin/bitmovin.go:623.11,625.5 1 0
github.com/NYTimes/video-transcoding-api/provider/bitmovin/bitmovin.go:633.23,635.5 1 0
github.com/NYTimes/video-transcoding-api/provider/bitmovin/bitmovin.go:636.53,638.5 1 0
github.com/NYTimes/video-transcoding-api/provider/bitmovin/bitmovin.go:646.20,648.5 1 0
github.com/NYTimes/video-transcoding-api/provider/bitmovin/bitmovin.go:649.53,651.5 1 0
github.com/NYTimes/video-transcoding-api/provider/bitmovin/bitmovin.go:662.11,664.5 1 0
github.com/NYTimes/video-transcoding-api/provider/bitmovin/bitmovin.go:666.11,668.5 1 0
github.com/NYTimes/video-transcoding-api/provider/bitmovin/bitmovin.go:669.27,682.22 4 1
github.com/NYTimes/video-transcoding-api/provider/bitmovin/bitmovin.go:685.5,685.54 1 1
github.com/NYTimes/video-transcoding-api/provider/bitmovin/bitmovin.go:690.5,709.21 3 1
github.com/NYTimes/video-transcoding-api/provider/bitmovin/bitmovin.go:712.5,712.57 1 1
github.com/NYTimes/video-transcoding-api/provider/bitmovin/bitmovin.go:716.5,728.19 4 1
github.com/NYTimes/video-transcoding-api/provider/bitmovin/bitmovin.go:731.5,731.54 1 1
github.com/NYTimes/video-transcoding-api/provider/bitmovin/bitmovin.go:735.5,745.22 3 1
github.com/NYTimes/video-transcoding-api/provider/bitmovin/bitmovin.go:748.5,748.58 1 1
github.com/NYTimes/video-transcoding-api/provider/bitmovin/bitmovin.go:682.22,684.6 1 0
github.com/NYTimes/video-transcoding-api/provider/bitmovin/bitmovin.go:685.54,687.6 1 0
github.com/NYTimes/video-transcoding-api/provider/bitmovin/bitmovin.go:709.21,711.6 1 0
github.com/NYTimes/video-transcoding-api/provider/bitmovin/bitmovin.go:712.57,714.6 1 0
github.com/NYTimes/video-transcoding-api/provider/bitmovin/bitmovin.go:728.19,730.6 1 0
github.com/NYTimes/video-transcoding-api/provider/bitmovin/bitmovin.go:731.54,733.6 1 0
github.com/NYTimes/video-transcoding-api/provider/bitmovin/bitmovin.go:745.22,747.6 1 0
github.com/NYTimes/video-transcoding-api/provider/bitmovin/bitmovin.go:748.58,750.6 1 0
github.com/NYTimes/video-transcoding-api/provider/bitmovin/bitmovin.go:751.5,751.33 1 1
github.com/NYTimes/video-transcoding-api/provider/bitmovin/bitmovin.go:751.33,763.19 4 1
github.com/NYTimes/video-transcoding-api/provider/bitmovin/bitmovin.go:766.5,766.54 1 1
github.com/NYTimes/video-transcoding-api/provider/bitmovin/bitmovin.go:763.19,765.6 1 0
github.com/NYTimes/video-transcoding-api/provider/bitmovin/bitmovin.go:766.54,768.6 1 0
github.com/NYTimes/video-transcoding-api/provider/bitmovin/bitmovin.go:769.5,771.5 1 0
github.com/NYTimes/video-transcoding-api/provider/bitmovin/bitmovin.go:772.4,774.21 2 0
github.com/NYTimes/video-transcoding-api/provider/bitmovin/bitmovin.go:774.21,775.55 1 0
github.com/NYTimes/video-transcoding-api/provider/bitmovin/bitmovin.go:778.5,779.24 2 0
github.com/NYTimes/video-transcoding-api/provider/bitmovin/bitmovin.go:782.5,782.53 1 0
github.com/NYTimes/video-transcoding-api/provider/bitmovin/bitmovin.go:785.5,786.12 2 0
github.com/NYTimes/video-transcoding-api/provider/bitmovin/bitmovin.go:789.5,790.12 2 0
github.com/NYTimes/video-transcoding-api/provider/bitmovin/bitmovin.go:793.5,799.24 4 0
github.com/NYTimes/video-transcoding-api/provider/bitmovin/bitmovin.go:802.5,802.54 1 0
github.com/NYTimes/video-transcoding-api/provider/bitmovin/bitmovin.go:805.5,812.21 4 0
github.com/NYTimes/video-transcoding-api/provider/bitmovin/bitmovin.go:815.5,815.54 1 0
github.com/NYTimes/video-transcoding-api/provider/bitmovin/bitmovin.go:818.5,827.12 5 0
github.com/NYTimes/video-transcoding-api/provider/bitmovin/bitmovin.go:830.5,831.12 2 0
github.com/NYTimes/video-transcoding-api/provider/bitmovin/bitmovin.go:834.5,834.28 1 0
github.com/NYTimes/video-transcoding-api/provider/bitmovin/bitmovin.go:837.5,848.19 4 0
github.com/NYTimes/video-transcoding-api/provider/bitmovin/bitmovin.go:851.5,851.54 1 0
github.com/NYTimes/video-transcoding-api/provider/bitmovin/bitmovin.go:775.55,777.6 1 0
github.com/NYTimes/video-transcoding-api/provider/bitmovin/bitmovin.go:779.24,781.6 1 0
github.com/NYTimes/video-transcoding-api/provider/bitmovin/bitmovin.go:782.53,784.6 1 0
github.com/NYTimes/video-transcoding-api/provider/bitmovin/bitmovin.go:786.12,788.6 1 0
github.com/NYTimes/video-transcoding-api/provider/bitmovin/bitmovin.go:790.12,792.6 1 0
github.com/NYTimes/video-transcoding-api/provider/bitmovin/bitmovin.go:799.24,801.6 1 0
github.com/NYTimes/video-transcoding-api/provider/bitmovin/bitmovin.go:802.54,804.6 1 0
github.com/NYTimes/video-transcoding-api/provider/bitmovin/bitmovin.go:812.21,814.6 1 0
github.com/NYTimes/video-transcoding-api/provider/bitmovin/bitmovin.go:815.54,817.6 1 0
github.com/NYTimes/video-transcoding-api/provider/bitmovin/bitmovin.go:827.12,829.6 1 0
github.com/NYTimes/video-transcoding-api/provider/bitmovin/bitmovin.go:831.12,833.6 1 0
github.com/NYTimes/video-transcoding-api/provider/bitmovin/bitmovin.go:834.28,836.6 1 0
github.com/NYTimes/video-transcoding-api/provider/bitmovin/bitmovin.go:848.19,850.6 1 0
github.com/NYTimes/video-transcoding-api/provider/bitmovin/bitmovin.go:851.54,853.6 1 0
github.com/NYTimes/video-transcoding-api/provider/bitmovin/bitmovin.go:854.5,856.5 1 0
github.com/NYTimes/video-transcoding-api/provider/bitmovin/bitmovin.go:861.16,863.3 1 0
github.com/NYTimes/video-transcoding-api/provider/bitmovin/bitmovin.go:864.45,866.3 1 0
github.com/NYTimes/video-transcoding-api/provider/bitmovin/bitmovin.go:877.80,881.16 3 1
github.com/NYTimes/video-transcoding-api/provider/bitmovin/bitmovin.go:884.2,884.46 1 1
github.com/NYTimes/video-transcoding-api/provider/bitmovin/bitmovin.go:891.2,891.50 1 1
github.com/NYTimes/video-transcoding-api/provider/bitmovin/bitmovin.go:975.2,979.8 1 1
github.com/NYTimes/video-transcoding-api/provider/bitmovin/bitmovin.go:881.16,883.3 1 1
github.com/NYTimes/video-transcoding-api/provider/bitmovin/bitmovin.go:884.46,890.3 1 1
github.com/NYTimes/video-transcoding-api/provider/bitmovin/bitmovin.go:891.50,894.17 2 1
github.com/NYTimes/video-transcoding-api/provider/bitmovin/bitmovin.go:897.3,897.43 1 1
github.com/NYTimes/video-transcoding-api/provider/bitmovin/bitmovin.go:900.3,902.10 3 1
github.com/NYTimes/video-transcoding-api/provider/bitmovin/bitmovin.go:910.3,911.10 2 1
github.com/NYTimes/video-transcoding-api/provider/bitmovin/bitmovin.go:914.3,916.17 3 1
github.com/NYTimes/video-transcoding-api/provider/bitmovin/bitmovin.go:919.3,919.68 1 1
github.com/NYTimes/video-transcoding-api/provider/bitmovin/bitmovin.go:927.3,927.58 1 1
github.com/NYTimes/video-transcoding-api/provider/bitmovin/bitmovin.go:946.3,946.112 1 1
github.com/NYTimes/video-transcoding-api/provider/bitmovin/bitmovin.go:954.3,954.59 1 1
github.com/NYTimes/video-transcoding-api/provider/bitmovin/bitmovin.go:894.17,896.4 1 0
github.com/NYTimes/video-transcoding-api/provider/bitmovin/bitmovin.go:897.43,899.4 1 0
github.com/NYTimes/video-transcoding-api/provider/bitmovin/bitmovin.go:902.10,909.4 1 1
github.com/NYTimes/video-transcoding-api/provider/bitmovin/bitmovin.go:911.10,913.4 1 0
github.com/NYTimes/video-transcoding-api/provider/bitmovin/bitmovin.go:916.17,918.4 1 0
github.com/NYTimes/video-transcoding-api/provider/bitmovin/bitmovin.go:919.68,925.4 1 1
github.com/NYTimes/video-transcoding-api/provider/bitmovin/bitmovin.go:927.58,930.18 2 1
github.com/NYTimes/video-transcoding-api/provider/bitmovin/bitmovin.go:939.4,943.10 1 1
github.com/NYTimes/video-transcoding-api/provider/bitmovin/bitmovin.go:930.18,932.5 1 0
github.com/NYTimes/video-transcoding-api/provider/bitmovin/bitmovin.go:932.5,932.54 1 1
github.com/NYTimes/video-transcoding-api/provider/bitmovin/bitmovin.go:932.54,938.5 1 0
github.com/NYTimes/video-transcoding-api/provider/bitmovin/bitmovin.go:946.112,952.4 1 1
github.com/NYTimes/video-transcoding-api/provider/bitmovin/bitmovin.go:954.59,960.4 1 1
github.com/NYTimes/video-transcoding-api/provider/bitmovin/bitmovin.go:961.3,961.102 1 1
github.com/NYTimes/video-transcoding-api/provider/bitmovin/bitmovin.go:961.102,967.3 1 1
github.com/NYTimes/video-transcoding-api/provider/bitmovin/bitmovin.go:967.3,967.56 1 1
github.com/NYTimes/video-transcoding-api/provider/bitmovin/bitmovin.go:967.56,973.3 1 1
github.com/NYTimes/video-transcoding-api/provider/bitmovin/bitmovin.go:982.58,986.16 3 1
github.com/NYTimes/video-transcoding-api/provider/bitmovin/bitmovin.go:989.2,989.40 1 1
github.com/NYTimes/video-transcoding-api/provider/bitmovin/bitmovin.go:992.2,992.12 1 1
github.com/NYTimes/video-transcoding-api/provider/bitmovin/bitmovin.go:986.16,988.3 1 1
github.com/NYTimes/video-transcoding-api/provider/bitmovin/bitmovin.go:989.40,991.3 1 1
github.com/NYTimes/video-transcoding-api/provider/bitmovin/bitmovin.go:995.48,999.16 3 1
github.com/NYTimes/video-transcoding-api/provider/bitmovin/bitmovin.go:1002.2,1002.40 1 1
github.com/NYTimes/video-transcoding-api/provider/bitmovin/bitmovin.go:1005.2,1005.12 1 1
github.com/NYTimes/video-transcoding-api/provider/bitmovin/bitmovin.go:999.16,1001.3 1 1
github.com/NYTimes/video-transcoding-api/provider/bitmovin/bitmovin.go:1002.40,1004.3 1 1
github.com/NYTimes/video-transcoding-api/provider/bitmovin/bitmovin.go:1008.65,1014.2 1 1
github.com/NYTimes/video-transcoding-api/provider/bitmovin/bitmovin.go:1016.80,1017.31 1 1
github.com/NYTimes/video-transcoding-api/provider/bitmovin/bitmovin.go:1020.2,1020.61 1 1
github.com/NYTimes/video-transcoding-api/provider/bitmovin/bitmovin.go:1023.2,1023.66 1 1
github.com/NYTimes/video-transcoding-api/provider/bitmovin/bitmovin.go:1026.2,1027.69 2 1
github.com/NYTimes/video-transcoding-api/provider/bitmovin/bitmovin.go:1017.31,1019.3 1 0
github.com/NYTimes/video-transcoding-api/provider/bitmovin/bitmovin.go:1020.61,1022.3 1 0
github.com/NYTimes/video-transcoding-api/provider/bitmovin/bitmovin.go:1023.66,1025.3 1 0
github.com/NYTimes/video-transcoding-api/provider/bitmovin/bitmovin.go:1030.92,1031.34 1 1
github.com/NYTimes/video-transcoding-api/provider/bitmovin/bitmovin.go:1040.2,1040.57 1 0
github.com/NYTimes/video-transcoding-api/provider/bitmovin/bitmovin.go:1031.34,1039.3 7 1
github.com/NYTimes/video-transcoding-api/provider/bitmovin/bitmovin.go:1043.83,1044.34 1 1
github.com/NYTimes/video-transcoding-api/provider/bitmovin/bitmovin.go:1049.2,1049.49 1 0
github.com/NYTimes/video-transcoding-api/provider/bitmovin/bitmovin.go:1044.34,1048.3 3 1
github.com/NYTimes/video-transcoding-api/provider/bitmovin/bitmovin.go:1052.101,1053.34 1 1
github.com/NYTimes/video-transcoding-api/provider/bitmovin/bitmovin.go:1114.2,1114.74 1 0
github.com/NYTimes/video-transcoding-api/provider/bitmovin/bitmovin.go:1053.34,1055.17 2 1
github.com/NYTimes/video-transcoding-api/provider/bitmovin/bitmovin.go:1058.3,1069.17 5 1
github.com/NYTimes/video-transcoding-api/provider/bitmovin/bitmovin.go:1074.3,1075.27 2 1
github.com/NYTimes/video-transcoding-api/provider/bitmovin/bitmovin.go:1080.3,1080.58 1 1
github.com/NYTimes/video-transcoding-api/provider/bitmovin/bitmovin.go:1055.17,1057.4 1 0
github.com/NYTimes/video-transcoding-api/provider/bitmovin/bitmovin.go:1069.17,1071.4 1 0
github.com/NYTimes/video-transcoding-api/provider/bitmovin/bitmovin.go:1071.4,1071.56 1 1
github.com/NYTimes/video-transcoding-api/provider/bitmovin/bitmovin.go:1071.56,1073.4 1 0
github.com/NYTimes/video-transcoding-api/provider/bitmovin/bitmovin.go:1075.27,1077.4 1 0
github.com/NYTimes/video-transcoding-api/provider/bitmovin/bitmovin.go:1077.4,1079.4 1 1
github.com/NYTimes/video-transcoding-api/provider/bitmovin/bitmovin.go:1081.3,1081.43 1 1
github.com/NYTimes/video-transcoding-api/provider/bitmovin/bitmovin.go:1081.43,1083.17 2 1
github.com/NYTimes/video-transcoding-api/provider/bitmovin/bitmovin.go:1086.3,1091.17 4 1
github.com/NYTimes/video-transcoding-api/provider/bitmovin/bitmovin.go:1096.3,1096.53 1 1
github.com/NYTimes/video-transcoding-api/provider/bitmovin/bitmovin.go:1083.17,1085.4 1 0
github.com/NYTimes/video-transcoding-api/provider/bitmovin/bitmovin.go:1091.17,1093.4 1 0
github.com/NYTimes/video-transcoding-api/provider/bitmovin/bitmovin.go:1093.4,1093.58 1 1
github.com/NYTimes/video-transcoding-api/provider/bitmovin/bitmovin.go:1093.58,1095.4 1 0
github.com/NYTimes/video-transcoding-api/provider/bitmovin/bitmovin.go:1097.3,1097.44 1 1
github.com/NYTimes/video-transcoding-api/provider/bitmovin/bitmovin.go:1097.44,1099.17 2 1
github.com/NYTimes/video-transcoding-api/provider/bitmovin/bitmovin.go:1102.3,1107.17 4 1
github.com/NYTimes/video-transcoding-api/provider/bitmovin/bitmovin.go:1112.3,1112.54 1 1
github.com/NYTimes/video-transcoding-api/provider/bitmovin/bitmovin.go:1099.17,1101.4 1 0
github.com/NYTimes/video-transcoding-api/provider/bitmovin/bitmovin.go:1107.17,1109.4 1 0
github.com/NYTimes/video-transcoding-api/provider/bitmovin/bitmovin.go:1109.4,1109.59 1 1
github.com/NYTimes/video-transcoding-api/provider/bitmovin/bitmovin.go:1109.59,1111.4 1 0
github.com/NYTimes/video-transcoding-api/provider/bitmovin/bitmovin.go:1117.36,1119.2 1 1
github.com/NYTimes/video-transcoding-api/provider/bitmovin/bitmovin.go:1121.31,1123.2 1 1
github.com/NYTimes/video-transcoding-api/provider/bitmovin/bitmovin.go:1125.30,1127.2 1 1
github.com/NYTimes/video-transcoding-api/provider/bitmovin/bitmovin.go:1129.37,1131.2 1 1
